  GG_SystemMsg.pb.cc
e:\source_code\server\message\cpp\gg_systemmsg.pb.h(17): fatal error C1189: #error:  This file was generated by an older version of protoc which is
  GG_SystemCmd.pb.cc
e:\source_code\server\message\cpp\gg_systemcmd.pb.h(17): fatal error C1189: #error:  This file was generated by an older version of protoc which is
  GG_SvrMsg.pb.cc
e:\source_code\server\message\cpp\gg_svrmsg.pb.h(17): fatal error C1189: #error:  This file was generated by an older version of protoc which is
  GG_SvrCmd.pb.cc
e:\source_code\server\message\cpp\gg_svrcmd.pb.h(17): fatal error C1189: #error:  This file was generated by an older version of protoc which is
  GG_RoomMsg.pb.cc
e:\source_code\server\message\cpp\gg_roommsg.pb.h(17): fatal error C1189: #error:  This file was generated by an older version of protoc which is
  GG_RoomCmd.pb.cc
e:\source_code\server\message\cpp\gg_roomcmd.pb.h(17): fatal error C1189: #error:  This file was generated by an older version of protoc which is
  GG_MsgType.pb.cc
e:\source_code\server\message\cpp\gg_msgtype.pb.h(17): fatal error C1189: #error:  This file was generated by an older version of protoc which is
  GG_MsgHeader.pb.cc
e:\source_code\server\message\cpp\gg_msgheader.pb.h(17): fatal error C1189: #error:  This file was generated by an older version of protoc which is
  GG_HallMsg.pb.cc
e:\source_code\server\message\cpp\gg_hallmsg.pb.h(17): fatal error C1189: #error:  This file was generated by an older version of protoc which is
  GG_HallCmd.pb.cc
e:\source_code\server\message\cpp\gg_hallcmd.pb.h(17): fatal error C1189: #error:  This file was generated by an older version of protoc which is
  GG_GameMsg.pb.cc
e:\source_code\server\message\cpp\gg_gamemsg.pb.h(17): fatal error C1189: #error:  This file was generated by an older version of protoc which is
  GG_GameCmd.pb.cc
e:\source_code\server\message\cpp\gg_gamecmd.pb.h(17): fatal error C1189: #error:  This file was generated by an older version of protoc which is
  GG_ErrorCode.pb.cc
e:\source_code\server\message\cpp\gg_errorcode.pb.h(17): fatal error C1189: #error:  This file was generated by an older version of protoc which is
  正在生成代码...
